<?xml version="1.0" encoding="UTF-8"?>
<testsuite xmlns:xsi="http://www.w3.org/2001/XMLSchema-instance" xsi:noNamespaceSchemaLocation="https://maven.apache.org/surefire/maven-surefire-plugin/xsd/surefire-test-report.xsd" version="3.0.2" name="com.example.demo.DemoApplicationTests" time="4.84" tests="1" errors="0" skipped="0" failures="0">
  <properties>
    <property name="java.specification.version" value="17"/>
    <property name="sun.jnu.encoding" value="UTF-8"/>
    <property name="java.class.path" value="/home/tjpb-patrick/projeto/kayrus/target/test-classes:/home/tjpb-patrick/projeto/kayrus/target/classes:/home/tjpb-patrick/.m2/repository/org/springframework/boot/spring-boot-starter-data-jpa/3.4.0/spring-boot-starter-data-jpa-3.4.0.jar:/home/tjpb-patrick/.m2/repository/org/springframework/boot/spring-boot-starter/3.4.0/spring-boot-starter-3.4.0.jar:/home/tjpb-patrick/.m2/repository/org/springframework/boot/spring-boot/3.4.0/spring-boot-3.4.0.jar:/home/tjpb-patrick/.m2/repository/org/springframework/boot/spring-boot-autoconfigure/3.4.0/spring-boot-autoconfigure-3.4.0.jar:/home/tjpb-patrick/.m2/repository/org/springframework/boot/spring-boot-starter-logging/3.4.0/spring-boot-starter-logging-3.4.0.jar:/home/tjpb-patrick/.m2/repository/ch/qos/logback/logback-classic/1.5.12/logback-classic-1.5.12.jar:/home/tjpb-patrick/.m2/repository/ch/qos/logback/logback-core/1.5.12/logback-core-1.5.12.jar:/home/tjpb-patrick/.m2/repository/org/apache/logging/log4j/log4j-to-slf4j/2.24.1/log4j-to-slf4j-2.24.1.jar:/home/tjpb-patrick/.m2/repository/org/apache/logging/log4j/log4j-api/2.24.1/log4j-api-2.24.1.jar:/home/tjpb-patrick/.m2/repository/org/slf4j/jul-to-slf4j/2.0.16/jul-to-slf4j-2.0.16.jar:/home/tjpb-patrick/.m2/repository/jakarta/annotation/jakarta.annotation-api/2.1.1/jakarta.annotation-api-2.1.1.jar:/home/tjpb-patrick/.m2/repository/org/yaml/snakeyaml/2.3/snakeyaml-2.3.jar:/home/tjpb-patrick/.m2/repository/org/hibernate/orm/hibernate-core/6.6.2.Final/hibernate-core-6.6.2.Final.jar:/home/tjpb-patrick/.m2/repository/jakarta/persistence/jakarta.persistence-api/3.1.0/jakarta.persistence-api-3.1.0.jar:/home/tjpb-patrick/.m2/repository/jakarta/transaction/jakarta.transaction-api/2.0.1/jakarta.transaction-api-2.0.1.jar:/home/tjpb-patrick/.m2/repository/org/jboss/logging/jboss-logging/3.6.1.Final/jboss-logging-3.6.1.Final.jar:/home/tjpb-patrick/.m2/repository/org/hibernate/common/hibernate-commons-annotations/7.0.3.Final/hibernate-commons-annotations-7.0.3.Final.jar:/home/tjpb-patrick/.m2/repository/io/smallrye/jandex/3.2.0/jandex-3.2.0.jar:/home/tjpb-patrick/.m2/repository/com/fasterxml/classmate/1.7.0/classmate-1.7.0.jar:/home/tjpb-patrick/.m2/repository/net/bytebuddy/byte-buddy/1.15.10/byte-buddy-1.15.10.jar:/home/tjpb-patrick/.m2/repository/org/glassfish/jaxb/jaxb-runtime/4.0.5/jaxb-runtime-4.0.5.jar:/home/tjpb-patrick/.m2/repository/org/glassfish/jaxb/jaxb-core/4.0.5/jaxb-core-4.0.5.jar:/home/tjpb-patrick/.m2/repository/org/glassfish/jaxb/txw2/4.0.5/txw2-4.0.5.jar:/home/tjpb-patrick/.m2/repository/com/sun/istack/istack-commons-runtime/4.1.2/istack-commons-runtime-4.1.2.jar:/home/tjpb-patrick/.m2/repository/jakarta/inject/jakarta.inject-api/2.0.1/jakarta.inject-api-2.0.1.jar:/home/tjpb-patrick/.m2/repository/org/antlr/antlr4-runtime/4.13.0/antlr4-runtime-4.13.0.jar:/home/tjpb-patrick/.m2/repository/org/springframework/data/spring-data-jpa/3.4.0/spring-data-jpa-3.4.0.jar:/home/tjpb-patrick/.m2/repository/org/springframework/data/spring-data-commons/3.4.0/spring-data-commons-3.4.0.jar:/home/tjpb-patrick/.m2/repository/org/springframework/spring-orm/6.2.0/spring-orm-6.2.0.jar:/home/tjpb-patrick/.m2/repository/org/springframework/spring-context/6.2.0/spring-context-6.2.0.jar:/home/tjpb-patrick/.m2/repository/org/springframework/spring-tx/6.2.0/spring-tx-6.2.0.jar:/home/tjpb-patrick/.m2/repository/org/springframework/spring-beans/6.2.0/spring-beans-6.2.0.jar:/home/tjpb-patrick/.m2/repository/org/slf4j/slf4j-api/2.0.16/slf4j-api-2.0.16.jar:/home/tjpb-patrick/.m2/repository/org/springframework/spring-aspects/6.2.0/spring-aspects-6.2.0.jar:/home/tjpb-patrick/.m2/repository/org/aspectj/aspectjweaver/1.9.22.1/aspectjweaver-1.9.22.1.jar:/home/tjpb-patrick/.m2/repository/org/springframework/boot/spring-boot-starter-jdbc/3.4.0/spring-boot-starter-jdbc-3.4.0.jar:/home/tjpb-patrick/.m2/repository/com/zaxxer/HikariCP/5.1.0/HikariCP-5.1.0.jar:/home/tjpb-patrick/.m2/repository/org/springframework/spring-jdbc/6.2.0/spring-jdbc-6.2.0.jar:/home/tjpb-patrick/.m2/repository/org/springframework/boot/spring-boot-starter-web/3.4.0/spring-boot-starter-web-3.4.0.jar:/home/tjpb-patrick/.m2/repository/org/springframework/boot/spring-boot-starter-json/3.4.0/spring-boot-starter-json-3.4.0.jar:/home/tjpb-patrick/.m2/repository/com/fasterxml/jackson/core/jackson-databind/2.18.1/jackson-databind-2.18.1.jar:/home/tjpb-patrick/.m2/repository/com/fasterxml/jackson/core/jackson-annotations/2.18.1/jackson-annotations-2.18.1.jar:/home/tjpb-patrick/.m2/repository/com/fasterxml/jackson/core/jackson-core/2.18.1/jackson-core-2.18.1.jar:/home/tjpb-patrick/.m2/repository/com/fasterxml/jackson/datatype/jackson-datatype-jdk8/2.18.1/jackson-datatype-jdk8-2.18.1.jar:/home/tjpb-patrick/.m2/repository/com/fasterxml/jackson/datatype/jackson-datatype-jsr310/2.18.1/jackson-datatype-jsr310-2.18.1.jar:/home/tjpb-patrick/.m2/repository/com/fasterxml/jackson/module/jackson-module-parameter-names/2.18.1/jackson-module-parameter-names-2.18.1.jar:/home/tjpb-patrick/.m2/repository/org/springframework/boot/spring-boot-starter-tomcat/3.4.0/spring-boot-starter-tomcat-3.4.0.jar:/home/tjpb-patrick/.m2/repository/org/apache/tomcat/embed/tomcat-embed-core/10.1.33/tomcat-embed-core-10.1.33.jar:/home/tjpb-patrick/.m2/repository/org/apache/tomcat/embed/tomcat-embed-el/10.1.33/tomcat-embed-el-10.1.33.jar:/home/tjpb-patrick/.m2/repository/org/apache/tomcat/embed/tomcat-embed-websocket/10.1.33/tomcat-embed-websocket-10.1.33.jar:/home/tjpb-patrick/.m2/repository/org/springframework/spring-web/6.2.0/spring-web-6.2.0.jar:/home/tjpb-patrick/.m2/repository/io/micrometer/micrometer-observation/1.14.1/micrometer-observation-1.14.1.jar:/home/tjpb-patrick/.m2/repository/io/micrometer/micrometer-commons/1.14.1/micrometer-commons-1.14.1.jar:/home/tjpb-patrick/.m2/repository/org/springframework/spring-webmvc/6.2.0/spring-webmvc-6.2.0.jar:/home/tjpb-patrick/.m2/repository/org/springframework/spring-expression/6.2.0/spring-expression-6.2.0.jar:/home/tjpb-patrick/.m2/repository/org/springframework/boot/spring-boot-starter-web-services/3.4.0/spring-boot-starter-web-services-3.4.0.jar:/home/tjpb-patrick/.m2/repository/com/sun/xml/messaging/saaj/saaj-impl/3.0.4/saaj-impl-3.0.4.jar:/home/tjpb-patrick/.m2/repository/jakarta/xml/soap/jakarta.xml.soap-api/3.0.2/jakarta.xml.soap-api-3.0.2.jar:/home/tjpb-patrick/.m2/repository/org/jvnet/staxex/stax-ex/2.1.0/stax-ex-2.1.0.jar:/home/tjpb-patrick/.m2/repository/jakarta/activation/jakarta.activation-api/2.1.3/jakarta.activation-api-2.1.3.jar:/home/tjpb-patrick/.m2/repository/org/eclipse/angus/angus-activation/2.0.2/angus-activation-2.0.2.jar:/home/tjpb-patrick/.m2/repository/jakarta/xml/ws/jakarta.xml.ws-api/4.0.2/jakarta.xml.ws-api-4.0.2.jar:/home/tjpb-patrick/.m2/repository/org/springframework/spring-oxm/6.2.0/spring-oxm-6.2.0.jar:/home/tjpb-patrick/.m2/repository/org/springframework/ws/spring-ws-core/4.0.11/spring-ws-core-4.0.11.jar:/home/tjpb-patrick/.m2/repository/org/springframework/ws/spring-xml/4.0.11/spring-xml-4.0.11.jar:/home/tjpb-patrick/.m2/repository/org/springframework/boot/spring-boot-starter-test/3.4.0/spring-boot-starter-test-3.4.0.jar:/home/tjpb-patrick/.m2/repository/org/springframework/boot/spring-boot-test/3.4.0/spring-boot-test-3.4.0.jar:/home/tjpb-patrick/.m2/repository/org/springframework/boot/spring-boot-test-autoconfigure/3.4.0/spring-boot-test-autoconfigure-3.4.0.jar:/home/tjpb-patrick/.m2/repository/com/jayway/jsonpath/json-path/2.9.0/json-path-2.9.0.jar:/home/tjpb-patrick/.m2/repository/jakarta/xml/bind/jakarta.xml.bind-api/4.0.2/jakarta.xml.bind-api-4.0.2.jar:/home/tjpb-patrick/.m2/repository/net/minidev/json-smart/2.5.1/json-smart-2.5.1.jar:/home/tjpb-patrick/.m2/repository/net/minidev/accessors-smart/2.5.1/accessors-smart-2.5.1.jar:/home/tjpb-patrick/.m2/repository/org/ow2/asm/asm/9.6/asm-9.6.jar:/home/tjpb-patrick/.m2/repository/org/assertj/assertj-core/3.26.3/assertj-core-3.26.3.jar:/home/tjpb-patrick/.m2/repository/org/awaitility/awaitility/4.2.2/awaitility-4.2.2.jar:/home/tjpb-patrick/.m2/repository/org/hamcrest/hamcrest/2.2/hamcrest-2.2.jar:/home/tjpb-patrick/.m2/repository/org/junit/jupiter/junit-jupiter/5.11.3/junit-jupiter-5.11.3.jar:/home/tjpb-patrick/.m2/repository/org/junit/jupiter/junit-jupiter-api/5.11.3/junit-jupiter-api-5.11.3.jar:/home/tjpb-patrick/.m2/repository/org/opentest4j/opentest4j/1.3.0/opentest4j-1.3.0.jar:/home/tjpb-patrick/.m2/repository/org/junit/platform/junit-platform-commons/1.11.3/junit-platform-commons-1.11.3.jar:/home/tjpb-patrick/.m2/repository/org/apiguardian/apiguardian-api/1.1.2/apiguardian-api-1.1.2.jar:/home/tjpb-patrick/.m2/repository/org/junit/jupiter/junit-jupiter-params/5.11.3/junit-jupiter-params-5.11.3.jar:/home/tjpb-patrick/.m2/repository/org/junit/jupiter/junit-jupiter-engine/5.11.3/junit-jupiter-engine-5.11.3.jar:/home/tjpb-patrick/.m2/repository/org/junit/platform/junit-platform-engine/1.11.3/junit-platform-engine-1.11.3.jar:/home/tjpb-patrick/.m2/repository/org/mockito/mockito-core/5.14.2/mockito-core-5.14.2.jar:/home/tjpb-patrick/.m2/repository/net/bytebuddy/byte-buddy-agent/1.15.10/byte-buddy-agent-1.15.10.jar:/home/tjpb-patrick/.m2/repository/org/objenesis/objenesis/3.3/objenesis-3.3.jar:/home/tjpb-patrick/.m2/repository/org/mockito/mockito-junit-jupiter/5.14.2/mockito-junit-jupiter-5.14.2.jar:/home/tjpb-patrick/.m2/repository/org/skyscreamer/jsonassert/1.5.3/jsonassert-1.5.3.jar:/home/tjpb-patrick/.m2/repository/com/vaadin/external/google/android-json/0.0.20131108.vaadin1/android-json-0.0.20131108.vaadin1.jar:/home/tjpb-patrick/.m2/repository/org/springframework/spring-core/6.2.0/spring-core-6.2.0.jar:/home/tjpb-patrick/.m2/repository/org/springframework/spring-jcl/6.2.0/spring-jcl-6.2.0.jar:/home/tjpb-patrick/.m2/repository/org/springframework/spring-test/6.2.0/spring-test-6.2.0.jar:/home/tjpb-patrick/.m2/repository/org/xmlunit/xmlunit-core/2.10.0/xmlunit-core-2.10.0.jar:/home/tjpb-patrick/.m2/repository/org/postgresql/postgresql/42.6.0/postgresql-42.6.0.jar:/home/tjpb-patrick/.m2/repository/org/checkerframework/checker-qual/3.31.0/checker-qual-3.31.0.jar:/home/tjpb-patrick/.m2/repository/org/projectlombok/lombok/1.18.30/lombok-1.18.30.jar:/home/tjpb-patrick/.m2/repository/com/github/javafaker/javafaker/1.0.2/javafaker-1.0.2.jar:/home/tjpb-patrick/.m2/repository/org/apache/commons/commons-lang3/3.17.0/commons-lang3-3.17.0.jar:/home/tjpb-patrick/.m2/repository/org/yaml/snakeyaml/1.23/snakeyaml-1.23-android.jar:/home/tjpb-patrick/.m2/repository/com/github/mifmif/generex/1.0.2/generex-1.0.2.jar:/home/tjpb-patrick/.m2/repository/dk/brics/automaton/automaton/1.11-8/automaton-1.11-8.jar:/home/tjpb-patrick/.m2/repository/org/springframework/security/spring-security-crypto/6.4.2/spring-security-crypto-6.4.2.jar:/home/tjpb-patrick/.m2/repository/org/springframework/boot/spring-boot-starter-security/3.4.1/spring-boot-starter-security-3.4.1.jar:/home/tjpb-patrick/.m2/repository/org/springframework/spring-aop/6.2.0/spring-aop-6.2.0.jar:/home/tjpb-patrick/.m2/repository/org/springframework/security/spring-security-config/6.4.1/spring-security-config-6.4.1.jar:/home/tjpb-patrick/.m2/repository/org/springframework/security/spring-security-core/6.4.1/spring-security-core-6.4.1.jar:/home/tjpb-patrick/.m2/repository/org/springframework/security/spring-security-web/6.4.1/spring-security-web-6.4.1.jar:"/>
    <property name="java.vm.vendor" value="Amazon.com Inc."/>
    <property name="sun.arch.data.model" value="64"/>
    <property name="java.vendor.url" value="https://aws.amazon.com/corretto/"/>
    <property name="user.timezone" value="America/Recife"/>
    <property name="org.jboss.logging.provider" value="slf4j"/>
    <property name="os.name" value="Linux"/>
    <property name="java.vm.specification.version" value="17"/>
    <property name="APPLICATION_NAME" value="demo"/>
    <property name="sun.java.launcher" value="SUN_STANDARD"/>
    <property name="user.country" value="BR"/>
    <property name="sun.boot.library.path" value="/home/tjpb-patrick/.jdks/corretto-17.0.13/lib"/>
    <property name="sun.java.command" value="/home/tjpb-patrick/projeto/kayrus/target/surefire/surefirebooter-20250102083727602_3.jar /home/tjpb-patrick/projeto/kayrus/target/surefire 2025-01-02T08-37-27_539-jvmRun1 surefire-20250102083727602_1tmp surefire_0-20250102083727602_2tmp"/>
    <property name="jdk.debug" value="release"/>
    <property name="surefire.test.class.path" value="/home/tjpb-patrick/projeto/kayrus/target/test-classes:/home/tjpb-patrick/projeto/kayrus/target/classes:/home/tjpb-patrick/.m2/repository/org/springframework/boot/spring-boot-starter-data-jpa/3.4.0/spring-boot-starter-data-jpa-3.4.0.jar:/home/tjpb-patrick/.m2/repository/org/springframework/boot/spring-boot-starter/3.4.0/spring-boot-starter-3.4.0.jar:/home/tjpb-patrick/.m2/repository/org/springframework/boot/spring-boot/3.4.0/spring-boot-3.4.0.jar:/home/tjpb-patrick/.m2/repository/org/springframework/boot/spring-boot-autoconfigure/3.4.0/spring-boot-autoconfigure-3.4.0.jar:/home/tjpb-patrick/.m2/repository/org/springframework/boot/spring-boot-starter-logging/3.4.0/spring-boot-starter-logging-3.4.0.jar:/home/tjpb-patrick/.m2/repository/ch/qos/logback/logback-classic/1.5.12/logback-classic-1.5.12.jar:/home/tjpb-patrick/.m2/repository/ch/qos/logback/logback-core/1.5.12/logback-core-1.5.12.jar:/home/tjpb-patrick/.m2/repository/org/apache/logging/log4j/log4j-to-slf4j/2.24.1/log4j-to-slf4j-2.24.1.jar:/home/tjpb-patrick/.m2/repository/org/apache/logging/log4j/log4j-api/2.24.1/log4j-api-2.24.1.jar:/home/tjpb-patrick/.m2/repository/org/slf4j/jul-to-slf4j/2.0.16/jul-to-slf4j-2.0.16.jar:/home/tjpb-patrick/.m2/repository/jakarta/annotation/jakarta.annotation-api/2.1.1/jakarta.annotation-api-2.1.1.jar:/home/tjpb-patrick/.m2/repository/org/yaml/snakeyaml/2.3/snakeyaml-2.3.jar:/home/tjpb-patrick/.m2/repository/org/hibernate/orm/hibernate-core/6.6.2.Final/hibernate-core-6.6.2.Final.jar:/home/tjpb-patrick/.m2/repository/jakarta/persistence/jakarta.persistence-api/3.1.0/jakarta.persistence-api-3.1.0.jar:/home/tjpb-patrick/.m2/repository/jakarta/transaction/jakarta.transaction-api/2.0.1/jakarta.transaction-api-2.0.1.jar:/home/tjpb-patrick/.m2/repository/org/jboss/logging/jboss-logging/3.6.1.Final/jboss-logging-3.6.1.Final.jar:/home/tjpb-patrick/.m2/repository/org/hibernate/common/hibernate-commons-annotations/7.0.3.Final/hibernate-commons-annotations-7.0.3.Final.jar:/home/tjpb-patrick/.m2/repository/io/smallrye/jandex/3.2.0/jandex-3.2.0.jar:/home/tjpb-patrick/.m2/repository/com/fasterxml/classmate/1.7.0/classmate-1.7.0.jar:/home/tjpb-patrick/.m2/repository/net/bytebuddy/byte-buddy/1.15.10/byte-buddy-1.15.10.jar:/home/tjpb-patrick/.m2/repository/org/glassfish/jaxb/jaxb-runtime/4.0.5/jaxb-runtime-4.0.5.jar:/home/tjpb-patrick/.m2/repository/org/glassfish/jaxb/jaxb-core/4.0.5/jaxb-core-4.0.5.jar:/home/tjpb-patrick/.m2/repository/org/glassfish/jaxb/txw2/4.0.5/txw2-4.0.5.jar:/home/tjpb-patrick/.m2/repository/com/sun/istack/istack-commons-runtime/4.1.2/istack-commons-runtime-4.1.2.jar:/home/tjpb-patrick/.m2/repository/jakarta/inject/jakarta.inject-api/2.0.1/jakarta.inject-api-2.0.1.jar:/home/tjpb-patrick/.m2/repository/org/antlr/antlr4-runtime/4.13.0/antlr4-runtime-4.13.0.jar:/home/tjpb-patrick/.m2/repository/org/springframework/data/spring-data-jpa/3.4.0/spring-data-jpa-3.4.0.jar:/home/tjpb-patrick/.m2/repository/org/springframework/data/spring-data-commons/3.4.0/spring-data-commons-3.4.0.jar:/home/tjpb-patrick/.m2/repository/org/springframework/spring-orm/6.2.0/spring-orm-6.2.0.jar:/home/tjpb-patrick/.m2/repository/org/springframework/spring-context/6.2.0/spring-context-6.2.0.jar:/home/tjpb-patrick/.m2/repository/org/springframework/spring-tx/6.2.0/spring-tx-6.2.0.jar:/home/tjpb-patrick/.m2/repository/org/springframework/spring-beans/6.2.0/spring-beans-6.2.0.jar:/home/tjpb-patrick/.m2/repository/org/slf4j/slf4j-api/2.0.16/slf4j-api-2.0.16.jar:/home/tjpb-patrick/.m2/repository/org/springframework/spring-aspects/6.2.0/spring-aspects-6.2.0.jar:/home/tjpb-patrick/.m2/repository/org/aspectj/aspectjweaver/1.9.22.1/aspectjweaver-1.9.22.1.jar:/home/tjpb-patrick/.m2/repository/org/springframework/boot/spring-boot-starter-jdbc/3.4.0/spring-boot-starter-jdbc-3.4.0.jar:/home/tjpb-patrick/.m2/repository/com/zaxxer/HikariCP/5.1.0/HikariCP-5.1.0.jar:/home/tjpb-patrick/.m2/repository/org/springframework/spring-jdbc/6.2.0/spring-jdbc-6.2.0.jar:/home/tjpb-patrick/.m2/repository/org/springframework/boot/spring-boot-starter-web/3.4.0/spring-boot-starter-web-3.4.0.jar:/home/tjpb-patrick/.m2/repository/org/springframework/boot/spring-boot-starter-json/3.4.0/spring-boot-starter-json-3.4.0.jar:/home/tjpb-patrick/.m2/repository/com/fasterxml/jackson/core/jackson-databind/2.18.1/jackson-databind-2.18.1.jar:/home/tjpb-patrick/.m2/repository/com/fasterxml/jackson/core/jackson-annotations/2.18.1/jackson-annotations-2.18.1.jar:/home/tjpb-patrick/.m2/repository/com/fasterxml/jackson/core/jackson-core/2.18.1/jackson-core-2.18.1.jar:/home/tjpb-patrick/.m2/repository/com/fasterxml/jackson/datatype/jackson-datatype-jdk8/2.18.1/jackson-datatype-jdk8-2.18.1.jar:/home/tjpb-patrick/.m2/repository/com/fasterxml/jackson/datatype/jackson-datatype-jsr310/2.18.1/jackson-datatype-jsr310-2.18.1.jar:/home/tjpb-patrick/.m2/repository/com/fasterxml/jackson/module/jackson-module-parameter-names/2.18.1/jackson-module-parameter-names-2.18.1.jar:/home/tjpb-patrick/.m2/repository/org/springframework/boot/spring-boot-starter-tomcat/3.4.0/spring-boot-starter-tomcat-3.4.0.jar:/home/tjpb-patrick/.m2/repository/org/apache/tomcat/embed/tomcat-embed-core/10.1.33/tomcat-embed-core-10.1.33.jar:/home/tjpb-patrick/.m2/repository/org/apache/tomcat/embed/tomcat-embed-el/10.1.33/tomcat-embed-el-10.1.33.jar:/home/tjpb-patrick/.m2/repository/org/apache/tomcat/embed/tomcat-embed-websocket/10.1.33/tomcat-embed-websocket-10.1.33.jar:/home/tjpb-patrick/.m2/repository/org/springframework/spring-web/6.2.0/spring-web-6.2.0.jar:/home/tjpb-patrick/.m2/repository/io/micrometer/micrometer-observation/1.14.1/micrometer-observation-1.14.1.jar:/home/tjpb-patrick/.m2/repository/io/micrometer/micrometer-commons/1.14.1/micrometer-commons-1.14.1.jar:/home/tjpb-patrick/.m2/repository/org/springframework/spring-webmvc/6.2.0/spring-webmvc-6.2.0.jar:/home/tjpb-patrick/.m2/repository/org/springframework/spring-expression/6.2.0/spring-expression-6.2.0.jar:/home/tjpb-patrick/.m2/repository/org/springframework/boot/spring-boot-starter-web-services/3.4.0/spring-boot-starter-web-services-3.4.0.jar:/home/tjpb-patrick/.m2/repository/com/sun/xml/messaging/saaj/saaj-impl/3.0.4/saaj-impl-3.0.4.jar:/home/tjpb-patrick/.m2/repository/jakarta/xml/soap/jakarta.xml.soap-api/3.0.2/jakarta.xml.soap-api-3.0.2.jar:/home/tjpb-patrick/.m2/repository/org/jvnet/staxex/stax-ex/2.1.0/stax-ex-2.1.0.jar:/home/tjpb-patrick/.m2/repository/jakarta/activation/jakarta.activation-api/2.1.3/jakarta.activation-api-2.1.3.jar:/home/tjpb-patrick/.m2/repository/org/eclipse/angus/angus-activation/2.0.2/angus-activation-2.0.2.jar:/home/tjpb-patrick/.m2/repository/jakarta/xml/ws/jakarta.xml.ws-api/4.0.2/jakarta.xml.ws-api-4.0.2.jar:/home/tjpb-patrick/.m2/repository/org/springframework/spring-oxm/6.2.0/spring-oxm-6.2.0.jar:/home/tjpb-patrick/.m2/repository/org/springframework/ws/spring-ws-core/4.0.11/spring-ws-core-4.0.11.jar:/home/tjpb-patrick/.m2/repository/org/springframework/ws/spring-xml/4.0.11/spring-xml-4.0.11.jar:/home/tjpb-patrick/.m2/repository/org/springframework/boot/spring-boot-starter-test/3.4.0/spring-boot-starter-test-3.4.0.jar:/home/tjpb-patrick/.m2/repository/org/springframework/boot/spring-boot-test/3.4.0/spring-boot-test-3.4.0.jar:/home/tjpb-patrick/.m2/repository/org/springframework/boot/spring-boot-test-autoconfigure/3.4.0/spring-boot-test-autoconfigure-3.4.0.jar:/home/tjpb-patrick/.m2/repository/com/jayway/jsonpath/json-path/2.9.0/json-path-2.9.0.jar:/home/tjpb-patrick/.m2/repository/jakarta/xml/bind/jakarta.xml.bind-api/4.0.2/jakarta.xml.bind-api-4.0.2.jar:/home/tjpb-patrick/.m2/repository/net/minidev/json-smart/2.5.1/json-smart-2.5.1.jar:/home/tjpb-patrick/.m2/repository/net/minidev/accessors-smart/2.5.1/accessors-smart-2.5.1.jar:/home/tjpb-patrick/.m2/repository/org/ow2/asm/asm/9.6/asm-9.6.jar:/home/tjpb-patrick/.m2/repository/org/assertj/assertj-core/3.26.3/assertj-core-3.26.3.jar:/home/tjpb-patrick/.m2/repository/org/awaitility/awaitility/4.2.2/awaitility-4.2.2.jar:/home/tjpb-patrick/.m2/repository/org/hamcrest/hamcrest/2.2/hamcrest-2.2.jar:/home/tjpb-patrick/.m2/repository/org/junit/jupiter/junit-jupiter/5.11.3/junit-jupiter-5.11.3.jar:/home/tjpb-patrick/.m2/repository/org/junit/jupiter/junit-jupiter-api/5.11.3/junit-jupiter-api-5.11.3.jar:/home/tjpb-patrick/.m2/repository/org/opentest4j/opentest4j/1.3.0/opentest4j-1.3.0.jar:/home/tjpb-patrick/.m2/repository/org/junit/platform/junit-platform-commons/1.11.3/junit-platform-commons-1.11.3.jar:/home/tjpb-patrick/.m2/repository/org/apiguardian/apiguardian-api/1.1.2/apiguardian-api-1.1.2.jar:/home/tjpb-patrick/.m2/repository/org/junit/jupiter/junit-jupiter-params/5.11.3/junit-jupiter-params-5.11.3.jar:/home/tjpb-patrick/.m2/repository/org/junit/jupiter/junit-jupiter-engine/5.11.3/junit-jupiter-engine-5.11.3.jar:/home/tjpb-patrick/.m2/repository/org/junit/platform/junit-platform-engine/1.11.3/junit-platform-engine-1.11.3.jar:/home/tjpb-patrick/.m2/repository/org/mockito/mockito-core/5.14.2/mockito-core-5.14.2.jar:/home/tjpb-patrick/.m2/repository/net/bytebuddy/byte-buddy-agent/1.15.10/byte-buddy-agent-1.15.10.jar:/home/tjpb-patrick/.m2/repository/org/objenesis/objenesis/3.3/objenesis-3.3.jar:/home/tjpb-patrick/.m2/repository/org/mockito/mockito-junit-jupiter/5.14.2/mockito-junit-jupiter-5.14.2.jar:/home/tjpb-patrick/.m2/repository/org/skyscreamer/jsonassert/1.5.3/jsonassert-1.5.3.jar:/home/tjpb-patrick/.m2/repository/com/vaadin/external/google/android-json/0.0.20131108.vaadin1/android-json-0.0.20131108.vaadin1.jar:/home/tjpb-patrick/.m2/repository/org/springframework/spring-core/6.2.0/spring-core-6.2.0.jar:/home/tjpb-patrick/.m2/repository/org/springframework/spring-jcl/6.2.0/spring-jcl-6.2.0.jar:/home/tjpb-patrick/.m2/repository/org/springframework/spring-test/6.2.0/spring-test-6.2.0.jar:/home/tjpb-patrick/.m2/repository/org/xmlunit/xmlunit-core/2.10.0/xmlunit-core-2.10.0.jar:/home/tjpb-patrick/.m2/repository/org/postgresql/postgresql/42.6.0/postgresql-42.6.0.jar:/home/tjpb-patrick/.m2/repository/org/checkerframework/checker-qual/3.31.0/checker-qual-3.31.0.jar:/home/tjpb-patrick/.m2/repository/org/projectlombok/lombok/1.18.30/lombok-1.18.30.jar:/home/tjpb-patrick/.m2/repository/com/github/javafaker/javafaker/1.0.2/javafaker-1.0.2.jar:/home/tjpb-patrick/.m2/repository/org/apache/commons/commons-lang3/3.17.0/commons-lang3-3.17.0.jar:/home/tjpb-patrick/.m2/repository/org/yaml/snakeyaml/1.23/snakeyaml-1.23-android.jar:/home/tjpb-patrick/.m2/repository/com/github/mifmif/generex/1.0.2/generex-1.0.2.jar:/home/tjpb-patrick/.m2/repository/dk/brics/automaton/automaton/1.11-8/automaton-1.11-8.jar:/home/tjpb-patrick/.m2/repository/org/springframework/security/spring-security-crypto/6.4.2/spring-security-crypto-6.4.2.jar:/home/tjpb-patrick/.m2/repository/org/springframework/boot/spring-boot-starter-security/3.4.1/spring-boot-starter-security-3.4.1.jar:/home/tjpb-patrick/.m2/repository/org/springframework/spring-aop/6.2.0/spring-aop-6.2.0.jar:/home/tjpb-patrick/.m2/repository/org/springframework/security/spring-security-config/6.4.1/spring-security-config-6.4.1.jar:/home/tjpb-patrick/.m2/repository/org/springframework/security/spring-security-core/6.4.1/spring-security-core-6.4.1.jar:/home/tjpb-patrick/.m2/repository/org/springframework/security/spring-security-web/6.4.1/spring-security-web-6.4.1.jar:"/>
    <property name="sun.cpu.endian" value="little"/>
    <property name="user.home" value="/home/tjpb-patrick"/>
    <property name="user.language" value="pt"/>
    <property name="java.specification.vendor" value="Oracle Corporation"/>
    <property name="java.version.date" value="2024-10-15"/>
    <property name="java.home" value="/home/tjpb-patrick/.jdks/corretto-17.0.13"/>
    <property name="file.separator" value="/"/>
    <property name="basedir" value="/home/tjpb-patrick/projeto/kayrus"/>
    <property name="java.vm.compressedOopsMode" value="Zero based"/>
    <property name="line.separator" value="&#10;"/>
    <property name="java.vm.specification.vendor" value="Oracle Corporation"/>
    <property name="java.specification.name" value="Java Platform API Specification"/>
    <property name="FILE_LOG_CHARSET" value="UTF-8"/>
    <property name="java.awt.headless" value="true"/>
    <property name="surefire.real.class.path" value="/home/tjpb-patrick/projeto/kayrus/target/surefire/surefirebooter-20250102083727602_3.jar"/>
    <property name="sun.management.compiler" value="HotSpot 64-Bit Tiered Compilers"/>
    <property name="java.runtime.version" value="17.0.13+11-LTS"/>
    <property name="user.name" value="tjpb-patrick"/>
    <property name="path.separator" value=":"/>
    <property name="os.version" value="6.8.0-49-generic"/>
    <property name="java.runtime.name" value="OpenJDK Runtime Environment"/>
    <property name="file.encoding" value="UTF-8"/>
    <property name="java.vm.name" value="OpenJDK 64-Bit Server VM"/>
    <property name="java.vendor.version" value="Corretto-17.0.13.11.1"/>
    <property name="localRepository" value="/home/tjpb-patrick/.m2/repository"/>
    <property name="java.vendor.url.bug" value="https://github.com/corretto/corretto-17/issues/"/>
    <property name="java.io.tmpdir" value="/tmp"/>
    <property name="idea.version" value="2024.3.1.1"/>
    <property name="com.zaxxer.hikari.pool_number" value="1"/>
    <property name="java.version" value="17.0.13"/>
    <property name="user.dir" value="/home/tjpb-patrick/projeto/kayrus"/>
    <property name="os.arch" value="amd64"/>
    <property name="java.vm.specification.name" value="Java Virtual Machine Specification"/>
    <property name="PID" value="189496"/>
    <property name="CONSOLE_LOG_CHARSET" value="UTF-8"/>
    <property name="native.encoding" value="UTF-8"/>
    <property name="java.library.path" value="/usr/java/packages/lib:/usr/lib64:/lib64:/lib:/usr/lib"/>
    <property name="java.vm.info" value="mixed mode, sharing"/>
    <property name="java.vendor" value="Amazon.com Inc."/>
    <property name="java.vm.version" value="17.0.13+11-LTS"/>
    <property name="java.specification.maintenance.version" value="1"/>
    <property name="sun.io.unicode.encoding" value="UnicodeLittle"/>
    <property name="java.class.version" value="61.0"/>
    <property name="LOGGED_APPLICATION_NAME" value="[demo] "/>
  </properties>
  <testcase name="contextLoads" classname="com.example.demo.DemoApplicationTests" time="0.352">
    <system-out><![CDATA[08:37:28.241 [main] INFO org.springframework.test.context.support.AnnotationConfigContextLoaderUtils -- Could not detect default configuration classes for test class [com.example.demo.DemoApplicationTests]: DemoApplicationTests does not declare any static, non-private, non-final, nested classes annotated with @Configuration.
08:37:28.321 [main] INFO org.springframework.boot.test.context.SpringBootTestContextBootstrapper -- Found @SpringBootConfiguration com.example.demo.DemoApplication for test class com.example.demo.DemoApplicationTests

  .   ____          _            __ _ _
 /\\ / ___'_ __ _ _(_)_ __  __ _ \ \ \ \
( ( )\___ | '_ | '_| | '_ \/ _` | \ \ \ \
 \\/  ___)| |_)| | | | | || (_| |  ) ) ) )
  '  |____| .__|_| |_|_| |_\__, | / / / /
 =========|_|==============|___/=/_/_/_/

 :: Spring Boot ::                (v3.4.0)

2025-01-02T08:37:28.645-03:00  INFO 189496 --- [demo] [           main] com.example.demo.DemoApplicationTests    : Starting DemoApplicationTests using Java 17.0.13 with PID 189496 (started by tjpb-patrick in /home/tjpb-patrick/projeto/kayrus)
2025-01-02T08:37:28.646-03:00  INFO 189496 --- [demo] [           main] com.example.demo.DemoApplicationTests    : No active profile set, falling back to 1 default profile: "default"
2025-01-02T08:37:28.666-03:00 DEBUG 189496 --- [demo] [           main] o.s.w.c.s.GenericWebApplicationContext   : Refreshing org.springframework.web.context.support.GenericWebApplicationContext@6d6bc158
2025-01-02T08:37:29.051-03:00  INFO 189496 --- [demo] [           main] .s.d.r.c.RepositoryConfigurationDelegate : Bootstrapping Spring Data JPA repositories in DEFAULT mode.
2025-01-02T08:37:29.061-03:00  INFO 189496 --- [demo] [           main] .i.s.PathMatchingResourcePatternResolver : Skipping search for files matching pattern [**/*.class]: directory [/home/tjpb-patrick/projeto/kayrus/target/test-classes/com/example/demo/repository] does not exist
2025-01-02T08:37:29.079-03:00  INFO 189496 --- [demo] [           main] .i.s.PathMatchingResourcePatternResolver : Skipping search for files matching pattern [**/*Impl.class]: directory [/home/tjpb-patrick/projeto/kayrus/target/test-classes/com/example/demo/repository] does not exist
2025-01-02T08:37:29.086-03:00  INFO 189496 --- [demo] [           main] .s.d.r.c.RepositoryConfigurationDelegate : Finished Spring Data repository scanning in 28 ms. Found 2 JPA repository interfaces.
2025-01-02T08:37:29.552-03:00  WARN 189496 --- [demo] [           main] trationDelegate$BeanPostProcessorChecker : Bean 'org.springframework.ws.config.annotation.DelegatingWsConfiguration' of type [org.springframework.ws.config.annotation.DelegatingWsConfiguration$$SpringCGLIB$$0] is not eligible for getting processed by all BeanPostProcessors (for example: not eligible for auto-proxying). The currently created BeanPostProcessor [annotationActionEndpointMapping] is declared through a non-static factory method on that class; consider declaring it as static instead.
2025-01-02T08:37:29.580-03:00  INFO 189496 --- [demo] [           main] .w.s.a.s.AnnotationActionEndpointMapping : Supporting [WS-Addressing August 2004, WS-Addressing 1.0]
2025-01-02T08:37:29.724-03:00  INFO 189496 --- [demo] [           main] o.hibernate.jpa.internal.util.LogHelper  : HHH000204: Processing PersistenceUnitInfo [name: default]
2025-01-02T08:37:29.784-03:00  INFO 189496 --- [demo] [           main] org.hibernate.Version                    : HHH000412: Hibernate ORM core version 6.6.2.Final
2025-01-02T08:37:29.810-03:00  INFO 189496 --- [demo] [           main] o.h.c.internal.RegionFactoryInitiator    : HHH000026: Second-level cache disabled
2025-01-02T08:37:30.039-03:00  INFO 189496 --- [demo] [           main] o.s.o.j.p.SpringPersistenceUnitInfo      : No LoadTimeWeaver setup: ignoring JPA class transformer
2025-01-02T08:37:30.066-03:00  INFO 189496 --- [demo] [           main] com.zaxxer.hikari.HikariDataSource       : HikariPool-1 - Starting...
2025-01-02T08:37:30.293-03:00  INFO 189496 --- [demo] [           main] com.zaxxer.hikari.pool.HikariPool        : HikariPool-1 - Added connection org.postgresql.jdbc.PgConnection@2830315f
2025-01-02T08:37:30.297-03:00  INFO 189496 --- [demo] [           main] com.zaxxer.hikari.HikariDataSource       : HikariPool-1 - Start completed.
2025-01-02T08:37:30.323-03:00  WARN 189496 --- [demo] [           main] org.hibernate.dialect.Dialect            : HHH000511: The 9.6.24 version for [org.hibernate.dialect.PostgreSQLDialect] is no longer supported, hence certain features may not work properly. The minimum supported version is 12.0.0. Check the community dialects project for available legacy versions.
2025-01-02T08:37:30.328-03:00  WARN 189496 --- [demo] [           main] org.hibernate.orm.deprecation            : HHH90000025: PostgreSQLDialect does not need to be specified explicitly using 'hibernate.dialect' (remove the property setting and it will be selected by default)
2025-01-02T08:37:30.352-03:00  INFO 189496 --- [demo] [           main] org.hibernate.orm.connections.pooling    : HHH10001005: Database info:
	Database JDBC URL [Connecting through datasource 'HikariDataSource (HikariPool-1)']
	Database driver: undefined/unknown
	Database version: 9.6.24
	Autocommit mode: undefined/unknown
	Isolation level: undefined/unknown
	Minimum pool size: undefined/unknown
	Maximum pool size: undefined/unknown
2025-01-02T08:37:31.003-03:00  INFO 189496 --- [demo] [           main] o.h.e.t.j.p.i.JtaPlatformInitiator       : HHH000489: No JTA platform available (set 'hibernate.transaction.jta.platform' to enable JTA platform integration)
2025-01-02T08:37:31.063-03:00  INFO 189496 --- [demo] [           main] j.LocalContainerEntityManagerFactoryBean : Initialized JPA EntityManagerFactory for persistence unit 'default'
2025-01-02T08:37:31.343-03:00  INFO 189496 --- [demo] [           main] o.s.d.j.r.query.QueryEnhancerFactory     : Hibernate is in classpath; If applicable, HQL parser will be used.
2025-01-02T08:37:32.038-03:00  WARN 189496 --- [demo] [           main] JpaBaseConfiguration$JpaWebConfiguration : spring.jpa.open-in-view is enabled by default. Therefore, database queries may be performed during view rendering. Explicitly configure spring.jpa.open-in-view to disable this warning
2025-01-02T08:37:32.066-03:00  WARN 189496 --- [demo] [           main] .s.s.UserDetailsServiceAutoConfiguration : 

Using generated security password: fd7692f4-aa21-4d50-abb6-a783ba0b2923

This generated password is for development use only. Your security configuration must be updated before running your application in production.

2025-01-02T08:37:32.072-03:00  INFO 189496 --- [demo] [           main] r$InitializeUserDetailsManagerConfigurer : Global AuthenticationManager configured with UserDetailsService bean with name inMemoryUserDetailsManager
2025-01-02T08:37:32.172-03:00 DEBUG 189496 --- [demo] [           main] s.w.s.m.m.a.RequestMappingHandlerMapping : 8 mappings in 'requestMappingHandlerMapping'
2025-01-02T08:37:32.262-03:00 DEBUG 189496 --- [demo] [           main] o.s.w.s.handler.SimpleUrlHandlerMapping  : Patterns [/webjars/**, /**] in 'resourceHandlerMapping'
2025-01-02T08:37:32.400-03:00 DEBUG 189496 --- [demo] [           main] s.w.s.m.m.a.RequestMappingHandlerAdapter : ControllerAdvice beans: 0 @ModelAttribute, 0 @InitBinder, 1 RequestBodyAdvice, 1 ResponseBodyAdvice
2025-01-02T08:37:32.431-03:00 DEBUG 189496 --- [demo] [           main] .m.m.a.ExceptionHandlerExceptionResolver : ControllerAdvice beans: 0 @ExceptionHandler, 1 ResponseBodyAdvice
2025-01-02T08:37:32.591-03:00  INFO 189496 --- [demo] [           main] com.example.demo.DemoApplicationTests    : Started DemoApplicationTests in 4.152 seconds (process running for 4.918)
]]></system-out>
  </testcase>
</testsuite>